2026-06-03T14:12:28Z INF Thank you for trying Cloudflare Tunnel. Doing so, without a Cloudflare account, is a quick way to experiment and try it out. However, be aware that these account-less Tunnels have no uptime guarantee, are subject to the Cloudflare Online Services Terms of Use (https://www.cloudflare.com/website-terms/), and Cloudflare reserves the right to investigate your use of Tunnels for violations of such terms. If you intend to use Tunnels in production you should use a pre-created named tunnel by following: https://developers.cloudflare.com/cloudflare-one/connections/connect-apps
2026-06-03T14:12:28Z INF Requesting new quick Tunnel on trycloudflare.com...
2026-06-03T14:12:33Z INF +--------------------------------------------------------------------------------------------+
2026-06-03T14:12:33Z INF |  Your quick Tunnel has been created! Visit it at (it may take some time to be reachable):  |
2026-06-03T14:12:33Z INF |  https://arrives-tonight-reported-mentor.trycloudflare.com                                 |
2026-06-03T14:12:33Z INF +--------------------------------------------------------------------------------------------+
2026-06-03T14:12:33Z INF Cannot determine default configuration path. No file [config.yml config.yaml] in [~/.cloudflared ~/.cloudflare-warp ~/cloudflare-warp /etc/cloudflared /usr/local/etc/cloudflared]
2026-06-03T14:12:33Z INF Version 2026.5.2 (Checksum 1677bab35d539df448dea4a38294bb9a7d967e304fe0c22ae0650e76f36c7216)
2026-06-03T14:12:33Z INF GOOS: darwin, GOVersion: go1.26.3, GoArch: amd64
2026-06-03T14:12:33Z INF Settings: map[ha-connections:1 protocol:quic url:http://localhost:3000]
2026-06-03T14:12:33Z INF cloudflared will not automatically update if installed by a package manager.
2026-06-03T14:12:33Z INF Generated Connector ID: 27c29024-7290-474a-b293-e33e51964a5a
2026-06-03T14:12:33Z INF Initial protocol quic
2026-06-03T14:12:33Z INF ICMP proxy will use 192.168.1.103 as source for IPv4
2026-06-03T14:12:33Z INF ICMP proxy will use fe80::1a:71ca:13b7:8248 in zone en0 as source for IPv6
2026-06-03T14:12:33Z INF Created ICMP proxy listening on 192.168.1.103:0
2026-06-03T14:12:33Z INF ICMP proxy will use 192.168.1.103 as source for IPv4
2026-06-03T14:12:33Z INF ICMP proxy will use fe80::1a:71ca:13b7:8248 in zone en0 as source for IPv6
2026-06-03T14:12:33Z INF Starting metrics server on 127.0.0.1:20241/metrics
2026-06-03T14:12:33Z INF Tunnel connection curve preferences: [X25519MLKEM768 CurveID(65074) CurveP256] connIndex=0 event=0 ip=198.41.200.43
2026-06-03T14:12:34Z INF Registered tunnel connection connIndex=0 connection=b1f8a510-58ec-46c1-ab8c-6eb62eb15dbc event=0 ip=198.41.200.43 location=ist07 protocol=quic
2026-06-03T14:12:39Z INF +-------------------------------------------------------------------------------------+
2026-06-03T14:12:39Z INF |                               CONNECTIVITY PRE-CHECKS                               |
2026-06-03T14:12:39Z INF +-------------------------------------------------------------------------------------+
2026-06-03T14:12:39Z INF |  COMPONENT         TARGET                     STATUS  DETAILS                       |
2026-06-03T14:12:39Z INF |  DNS Resolution    region1.v2.argotunnel.com  PASS    DNS Resolved successfully     |
2026-06-03T14:12:39Z INF |  DNS Resolution    region2.v2.argotunnel.com  PASS    DNS Resolved successfully     |
2026-06-03T14:12:39Z INF |  UDP Connectivity  region1.v2.argotunnel.com  PASS    QUIC connection successful    |
2026-06-03T14:12:39Z INF |  UDP Connectivity  region2.v2.argotunnel.com  PASS    QUIC connection successful    |
2026-06-03T14:12:39Z INF |  TCP Connectivity  region1.v2.argotunnel.com  PASS    HTTP/2 connection successful  |
2026-06-03T14:12:39Z INF |  TCP Connectivity  region2.v2.argotunnel.com  PASS    HTTP/2 connection successful  |
2026-06-03T14:12:39Z INF |  Cloudflare API    api.cloudflare.com:443     PASS    API is reachable              |
2026-06-03T14:12:39Z INF |                                                                                     |
2026-06-03T14:12:39Z INF |  SUMMARY: Environment is healthy. cloudflared will use 'quic' as primary protocol.  |
2026-06-03T14:12:39Z INF +-------------------------------------------------------------------------------------+
2026-06-03T14:12:39Z INF precheck component="DNS Resolution" details="DNS Resolved successfully" run_id=38823f40-a041-4f69-8c3b-4a6ccbec631e status=pass target=region1.v2.argotunnel.com
2026-06-03T14:12:39Z INF precheck component="DNS Resolution" details="DNS Resolved successfully" run_id=38823f40-a041-4f69-8c3b-4a6ccbec631e status=pass target=region2.v2.argotunnel.com
2026-06-03T14:12:39Z INF precheck component="UDP Connectivity" details="QUIC connection successful" run_id=38823f40-a041-4f69-8c3b-4a6ccbec631e status=pass target=region1.v2.argotunnel.com
2026-06-03T14:12:39Z INF precheck component="UDP Connectivity" details="QUIC connection successful" run_id=38823f40-a041-4f69-8c3b-4a6ccbec631e status=pass target=region2.v2.argotunnel.com
2026-06-03T14:12:39Z INF precheck component="TCP Connectivity" details="HTTP/2 connection successful" run_id=38823f40-a041-4f69-8c3b-4a6ccbec631e status=pass target=region1.v2.argotunnel.com
2026-06-03T14:12:39Z INF precheck component="TCP Connectivity" details="HTTP/2 connection successful" run_id=38823f40-a041-4f69-8c3b-4a6ccbec631e status=pass target=region2.v2.argotunnel.com
2026-06-03T14:12:39Z INF precheck component="Cloudflare API" details="API is reachable" run_id=38823f40-a041-4f69-8c3b-4a6ccbec631e status=pass target=api.cloudflare.com:443
2026-06-03T14:12:39Z INF precheck complete hard_fail=false run_id=38823f40-a041-4f69-8c3b-4a6ccbec631e suggested_protocol=quic
